INFO 2024-04-30 08:18:09,607 Watching for file changes with StatReloader
INFO 2024-04-30 08:18:18,785 "GET / HTTP/1.1" 302 0
INFO 2024-04-30 08:18:18,853 "GET /accounts/login/?next=/ HTTP/1.1" 200 3989
INFO 2024-04-30 08:18:19,079 "GET /static/dist/css/login-page.css HTTP/1.1" 200 9064
INFO 2024-04-30 08:18:19,085 "GET /static/plugins/overlayScrollbars/css/OverlayScrollbars.min.css HTTP/1.1" 200 19736
INFO 2024-04-30 08:18:19,088 "GET /static/plugins/fontawesome-free/css/all.min.css HTTP/1.1" 200 58582
INFO 2024-04-30 08:18:19,101 "GET /static/dist/js/jquery.formset.js HTTP/1.1" 200 13606
INFO 2024-04-30 08:18:19,110 "GET /static/plugins/toastr/toastr.min.css HTTP/1.1" 200 6454
INFO 2024-04-30 08:18:19,111 "GET /static/plugins/toastr/toastr.min.js HTTP/1.1" 200 5253
INFO 2024-04-30 08:18:19,128 "GET /static/plugins/bootstrap/js/bootstrap.bundle.min.js HTTP/1.1" 200 80704
INFO 2024-04-30 08:18:19,130 "GET /static/plugins/jquery/jquery.min.js HTTP/1.1" 200 88147
INFO 2024-04-30 08:18:19,137 "GET /static/plugins/overlayScrollbars/js/jquery.overlayScrollbars.min.js HTTP/1.1" 200 42395
INFO 2024-04-30 08:18:19,147 "GET /static/dist/js/demo.js HTTP/1.1" 200 13042
INFO 2024-04-30 08:18:19,150 "GET /static/dist/js/adminlte.js HTTP/1.1" 200 59249
INFO 2024-04-30 08:18:19,157 "GET /static/dist/css/adminlte.min.css HTTP/1.1" 200 686718
INFO 2024-04-30 08:18:19,294 "GET /static/dist/img/login.png HTTP/1.1" 200 445475
INFO 2024-04-30 08:18:19,580 "GET /static/plugins/fontawesome-free/webfonts/fa-solid-900.woff2 HTTP/1.1" 200 79444
WARNING 2024-04-30 08:18:19,758 Not Found: /favicon.ico
WARNING 2024-04-30 08:18:19,759 "GET /favicon.ico HTTP/1.1" 404 6308
INFO 2024-04-30 08:18:26,234 "POST /accounts/login/ HTTP/1.1" 302 0
INFO 2024-04-30 08:18:26,309 "GET / HTTP/1.1" 200 9298
INFO 2024-04-30 08:18:26,508 "GET /static/plugins/Datatables/datatables.min.css HTTP/1.1" 200 25807
INFO 2024-04-30 08:18:26,533 "GET /static/plugins/Datatables/datatables.min.js HTTP/1.1" 200 2042927
INFO 2024-04-30 08:18:26,665 "GET /static/plugins/fontawesome-free/webfonts/fa-regular-400.woff2 HTTP/1.1" 200 13584
INFO 2024-04-30 08:18:32,049 "GET /student/list HTTP/1.1" 200 9954
INFO 2024-04-30 08:18:35,631 "GET /student/create/ HTTP/1.1" 200 13695
INFO 2024-04-30 08:18:49,620 "GET /staff/list/ HTTP/1.1" 200 9695
INFO 2024-04-30 08:18:53,094 "GET /staff/create/ HTTP/1.1" 200 12608
INFO 2024-04-30 08:19:13,319 "GET /finance/list/ HTTP/1.1" 200 10355
INFO 2024-04-30 08:19:39,464 "GET /finance/receipt/create?invoice=1 HTTP/1.1" 200 10853
INFO 2024-04-30 08:19:50,465 "GET /finance/list/ HTTP/1.1" 200 10355
INFO 2024-04-30 08:19:56,686 "GET /result/create/ HTTP/1.1" 200 10923
INFO 2024-04-30 08:20:02,987 "POST /result/create/ HTTP/1.1" 200 11067
INFO 2024-04-30 08:20:09,396 "POST /result/create/ HTTP/1.1" 200 11146
INFO 2024-04-30 08:20:15,656 "POST /result/create/ HTTP/1.1" 302 0
INFO 2024-04-30 08:20:15,821 "GET /result/edit-results/ HTTP/1.1" 200 12063
INFO 2024-04-30 08:20:56,045 "POST /result/edit-results/ HTTP/1.1" 302 0
INFO 2024-04-30 08:20:56,210 "GET /result/edit-results/ HTTP/1.1" 200 12214
INFO 2024-04-30 08:21:04,766 "GET /result/edit-results/ HTTP/1.1" 200 12071
INFO 2024-04-30 08:21:07,946 "GET /result/view/all HTTP/1.1" 200 10292
INFO 2024-04-30 08:21:15,567 "GET /result/edit-results/ HTTP/1.1" 200 12071
INFO 2024-04-30 08:21:17,043 "GET /result/create/ HTTP/1.1" 200 10923
INFO 2024-04-30 08:21:18,730 "GET /finance/list/ HTTP/1.1" 200 10355
INFO 2024-04-30 08:21:20,622 "GET /student/list HTTP/1.1" 200 9954
INFO 2024-04-30 08:21:23,222 "GET /staff/list/ HTTP/1.1" 200 9695
INFO 2024-04-30 08:21:44,164 "GET /admin/ HTTP/1.1" 200 3326
INFO 2024-04-30 08:21:44,368 "GET /static/admin/css/nav_sidebar.css HTTP/1.1" 200 2271
INFO 2024-04-30 08:21:44,369 "GET /static/admin/css/dashboard.css HTTP/1.1" 200 380
INFO 2024-04-30 08:21:44,371 "GET /static/admin/js/nav_sidebar.js HTTP/1.1" 200 1360
INFO 2024-04-30 08:21:44,373 "GET /static/admin/css/base.css HTTP/1.1" 200 19513
INFO 2024-04-30 08:21:44,374 "GET /static/admin/css/responsive.css HTTP/1.1" 200 18545
INFO 2024-04-30 08:21:44,391 "GET /static/admin/css/fonts.css HTTP/1.1" 200 423
INFO 2024-04-30 08:21:44,456 "GET /static/admin/img/icon-addlink.svg HTTP/1.1" 200 331
INFO 2024-04-30 08:21:44,457 "GET /static/admin/img/icon-changelink.svg HTTP/1.1" 200 380
INFO 2024-04-30 08:21:44,532 "GET /static/admin/fonts/Roboto-Regular-webfont.woff HTTP/1.1" 200 85876
INFO 2024-04-30 08:21:44,534 "GET /static/admin/fonts/Roboto-Bold-webfont.woff HTTP/1.1" 200 86184
INFO 2024-04-30 08:21:44,535 "GET /static/admin/fonts/Roboto-Light-webfont.woff HTTP/1.1" 200 85692
INFO 2024-04-30 08:21:49,118 "GET /admin/auth/group/ HTTP/1.1" 200 4750
INFO 2024-04-30 08:21:49,327 "GET /static/admin/css/changelists.css HTTP/1.1" 200 6874
INFO 2024-04-30 08:21:49,328 "GET /static/admin/js/jquery.init.js HTTP/1.1" 200 347
INFO 2024-04-30 08:21:49,331 "GET /static/admin/js/core.js HTTP/1.1" 200 5698
INFO 2024-04-30 08:21:49,344 "GET /static/admin/js/prepopulate.js HTTP/1.1" 200 1531
INFO 2024-04-30 08:21:49,345 "GET /static/admin/js/actions.js HTTP/1.1" 200 7664
INFO 2024-04-30 08:21:49,349 "GET /static/admin/js/urlify.js HTTP/1.1" 200 7902
INFO 2024-04-30 08:21:49,349 "GET /static/admin/js/admin/RelatedObjectLookups.js HTTP/1.1" 200 5984
INFO 2024-04-30 08:21:49,374 "GET /static/admin/js/vendor/jquery/jquery.js HTTP/1.1" 200 287630
INFO 2024-04-30 08:21:49,375 "GET /static/admin/js/vendor/xregexp/xregexp.js HTTP/1.1" 200 232381
INFO 2024-04-30 08:21:49,377 "GET /admin/jsi18n/ HTTP/1.1" 200 3195
INFO 2024-04-30 08:21:49,425 "GET /static/admin/img/search.svg HTTP/1.1" 200 458
INFO 2024-04-30 08:21:49,522 "GET /static/admin/img/tooltag-add.svg HTTP/1.1" 200 331
INFO 2024-04-30 08:21:53,194 "GET /admin/auth/group/add/ HTTP/1.1" 200 11184
INFO 2024-04-30 08:21:53,402 "GET /static/admin/js/prepopulate_init.js HTTP/1.1" 200 492
INFO 2024-04-30 08:21:53,403 "GET /static/admin/js/SelectBox.js HTTP/1.1" 200 4360
INFO 2024-04-30 08:21:53,405 "GET /static/admin/css/forms.css HTTP/1.1" 200 8804
INFO 2024-04-30 08:21:53,406 "GET /static/admin/js/SelectFilter2.js HTTP/1.1" 200 12350
INFO 2024-04-30 08:21:53,411 "GET /static/admin/js/change_form.js HTTP/1.1" 200 606
INFO 2024-04-30 08:21:53,425 "GET /admin/jsi18n/ HTTP/1.1" 200 3195
INFO 2024-04-30 08:21:53,456 "GET /static/admin/css/widgets.css HTTP/1.1" 200 11097
INFO 2024-04-30 08:21:53,601 "GET /static/admin/img/selector-icons.svg HTTP/1.1" 200 3291
INFO 2024-04-30 08:21:53,603 "GET /static/admin/img/icon-unknown.svg HTTP/1.1" 200 655
INFO 2024-04-30 08:21:53,604 "GET /static/admin/img/icon-unknown-alt.svg HTTP/1.1" 200 655
INFO 2024-04-30 08:22:14,451 "POST /admin/auth/group/add/ HTTP/1.1" 200 11327
INFO 2024-04-30 08:22:14,658 "GET /admin/jsi18n/ HTTP/1.1" 200 3195
INFO 2024-04-30 08:22:29,708 "POST /admin/auth/group/add/ HTTP/1.1" 302 0
INFO 2024-04-30 08:22:29,886 "GET /admin/auth/group/ HTTP/1.1" 200 6079
INFO 2024-04-30 08:22:30,168 "GET /admin/jsi18n/ HTTP/1.1" 200 3195
INFO 2024-04-30 08:22:30,291 "GET /static/admin/img/icon-yes.svg HTTP/1.1" 200 436
INFO 2024-04-30 08:22:42,439 "POST /admin/auth/group/ HTTP/1.1" 200 4524
INFO 2024-04-30 08:22:42,607 "GET /static/admin/js/cancel.js HTTP/1.1" 200 884
INFO 2024-04-30 08:22:44,328 "POST /admin/auth/group/ HTTP/1.1" 302 0
INFO 2024-04-30 08:22:44,449 "GET /admin/auth/group/ HTTP/1.1" 200 4885
INFO 2024-04-30 08:22:44,662 "GET /admin/jsi18n/ HTTP/1.1" 200 3195
INFO 2024-04-30 08:22:49,316 "GET /admin/auth/group/add/ HTTP/1.1" 200 11184
INFO 2024-04-30 08:22:49,511 "GET /admin/jsi18n/ HTTP/1.1" 200 3195
INFO 2024-04-30 08:23:10,357 "POST /admin/auth/group/add/ HTTP/1.1" 200 11336
INFO 2024-04-30 08:23:10,543 "GET /admin/jsi18n/ HTTP/1.1" 200 3195
INFO 2024-04-30 08:23:16,081 "POST /admin/auth/group/add/ HTTP/1.1" 302 0
INFO 2024-04-30 08:23:16,258 "GET /admin/auth/group/ HTTP/1.1" 200 6081
INFO 2024-04-30 08:23:16,473 "GET /admin/jsi18n/ HTTP/1.1" 200 3195
INFO 2024-04-30 08:23:22,804 "GET /admin/auth/group/add/ HTTP/1.1" 200 11184
INFO 2024-04-30 08:23:23,002 "GET /admin/jsi18n/ HTTP/1.1" 200 3195
INFO 2024-04-30 08:24:09,416 "POST /admin/auth/group/add/ HTTP/1.1" 200 11327
INFO 2024-04-30 08:24:09,608 "GET /admin/jsi18n/ HTTP/1.1" 200 3195
INFO 2024-04-30 08:24:13,622 "GET / HTTP/1.1" 200 9298
INFO 2024-04-30 08:24:32,389 "GET /session/list/ HTTP/1.1" 200 12292
INFO 2024-04-30 08:24:35,823 "GET /term/list/ HTTP/1.1" 200 12239
INFO 2024-04-30 08:24:39,124 "GET /subject/list/ HTTP/1.1" 200 11690
INFO 2024-04-30 08:24:54,698 "POST /subject/create/ HTTP/1.1" 302 0
INFO 2024-04-30 08:24:54,776 "GET /subject/list/ HTTP/1.1" 200 12122
INFO 2024-04-30 08:24:59,888 "GET /site-config HTTP/1.1" 200 10873
INFO 2024-04-30 08:25:12,869 "POST /site-config HTTP/1.1" 200 10900
INFO 2024-04-30 08:25:21,510 "POST /site-config HTTP/1.1" 200 10900
INFO 2024-04-30 08:25:26,969 "GET /site-config HTTP/1.1" 200 10873
INFO 2024-04-30 08:25:33,156 "GET /student/list HTTP/1.1" 200 9954
INFO 2024-04-30 08:25:37,421 "GET /student/upload/ HTTP/1.1" 200 10009
INFO 2024-04-30 08:26:09,229 "GET / HTTP/1.1" 200 9298
INFO 2024-04-30 08:46:45,822 "GET / HTTP/1.1" 200 9298
INFO 2024-05-01 17:43:42,272 Watching for file changes with StatReloader
INFO 2024-05-01 17:43:55,470 Watching for file changes with StatReloader
INFO 2024-05-01 17:44:00,855 "GET / HTTP/1.1" 302 0
INFO 2024-05-01 17:44:00,921 "GET /accounts/login/?next=/ HTTP/1.1" 200 3989
INFO 2024-05-01 17:44:01,223 "GET /static/plugins/overlayScrollbars/css/OverlayScrollbars.min.css HTTP/1.1" 200 19736
INFO 2024-05-01 17:44:01,226 "GET /static/plugins/toastr/toastr.min.css HTTP/1.1" 200 6454
INFO 2024-05-01 17:44:01,230 "GET /static/dist/css/login-page.css HTTP/1.1" 200 9064
INFO 2024-05-01 17:44:01,244 "GET /static/plugins/fontawesome-free/css/all.min.css HTTP/1.1" 200 58582
INFO 2024-05-01 17:44:01,246 "GET /static/plugins/toastr/toastr.min.js HTTP/1.1" 200 5253
INFO 2024-05-01 17:44:01,249 "GET /static/dist/js/jquery.formset.js HTTP/1.1" 200 13606
INFO 2024-05-01 17:44:01,251 "GET /static/plugins/bootstrap/js/bootstrap.bundle.min.js HTTP/1.1" 200 80704
INFO 2024-05-01 17:44:01,264 "GET /static/plugins/jquery/jquery.min.js HTTP/1.1" 200 88147
INFO 2024-05-01 17:44:01,268 "GET /static/plugins/overlayScrollbars/js/jquery.overlayScrollbars.min.js HTTP/1.1" 200 42395
INFO 2024-05-01 17:44:01,273 "GET /static/dist/css/adminlte.min.css HTTP/1.1" 200 686718
INFO 2024-05-01 17:44:01,290 "GET /static/dist/js/demo.js HTTP/1.1" 200 13042
INFO 2024-05-01 17:44:01,293 "GET /static/dist/js/adminlte.js HTTP/1.1" 200 59249
INFO 2024-05-01 17:44:01,480 "GET /static/dist/img/login.png HTTP/1.1" 200 445475
INFO 2024-05-01 17:44:01,809 "GET /static/plugins/fontawesome-free/webfonts/fa-solid-900.woff2 HTTP/1.1" 200 79444
WARNING 2024-05-01 17:44:02,054 Not Found: /favicon.ico
WARNING 2024-05-01 17:44:02,055 "GET /favicon.ico HTTP/1.1" 404 6308
INFO 2024-05-01 17:44:14,347 "POST /accounts/login/ HTTP/1.1" 302 0
INFO 2024-05-01 17:44:14,424 "GET / HTTP/1.1" 200 9298
INFO 2024-05-01 17:44:14,682 "GET /static/plugins/Datatables/datatables.min.css HTTP/1.1" 200 25807
INFO 2024-05-01 17:44:14,700 "GET /static/plugins/Datatables/datatables.min.js HTTP/1.1" 200 2042927
INFO 2024-05-01 17:44:14,893 "GET /static/plugins/fontawesome-free/webfonts/fa-regular-400.woff2 HTTP/1.1" 200 13584
INFO 2024-05-01 17:44:18,638 "GET /student/list HTTP/1.1" 200 9954
INFO 2024-05-01 17:44:23,133 "GET /student/create/ HTTP/1.1" 200 13695
INFO 2024-05-01 17:44:40,282 "GET /staff/list/ HTTP/1.1" 200 9695
INFO 2024-05-01 17:44:43,514 "GET /staff/create/ HTTP/1.1" 200 12608
INFO 2024-05-01 17:44:49,198 "GET /finance/list/ HTTP/1.1" 200 10355
INFO 2024-05-01 17:44:52,715 "GET /finance/create/ HTTP/1.1" 200 13686
INFO 2024-05-01 17:45:19,212 "POST /finance/create/ HTTP/1.1" 302 0
INFO 2024-05-01 17:45:19,249 "GET /finance/list HTTP/1.1" 301 0
INFO 2024-05-01 17:45:19,429 "GET /finance/list/ HTTP/1.1" 200 10772
INFO 2024-05-01 17:45:26,770 "GET /result/create/ HTTP/1.1" 200 10923
INFO 2024-05-01 17:45:31,540 "POST /result/create/ HTTP/1.1" 200 11067
INFO 2024-05-01 17:45:37,187 "POST /result/create/ HTTP/1.1" 200 11301
INFO 2024-05-01 17:45:49,157 "POST /result/create/ HTTP/1.1" 302 0
INFO 2024-05-01 17:45:49,360 "GET /result/edit-results/ HTTP/1.1" 200 12722
INFO 2024-05-01 17:46:05,342 "POST /result/edit-results/ HTTP/1.1" 302 0
INFO 2024-05-01 17:46:05,556 "GET /result/edit-results/ HTTP/1.1" 200 12865
INFO 2024-05-01 17:46:36,762 "GET /result/view/all HTTP/1.1" 200 10514
INFO 2024-05-01 17:53:00,331 "GET / HTTP/1.1" 200 9298
INFO 2024-05-01 17:53:04,911 "GET /student/list HTTP/1.1" 200 9954
INFO 2024-05-01 17:53:08,582 "GET /student/create/ HTTP/1.1" 200 13695
INFO 2024-05-01 17:53:13,966 "GET /staff/list/ HTTP/1.1" 200 9695
INFO 2024-05-01 17:53:17,010 "GET /staff/create/ HTTP/1.1" 200 12608
INFO 2024-05-01 17:56:29,259 "GET /student/list HTTP/1.1" 200 9954
INFO 2024-05-01 17:56:31,016 "GET /staff/list/ HTTP/1.1" 200 9695
INFO 2024-05-01 17:56:59,290 "GET /student/list HTTP/1.1" 200 9954
WARNING 2024-05-01 17:57:00,038 Not Found: /favicon.ico
INFO 2024-05-01 17:57:11,572 "GET /student/create/ HTTP/1.1" 200 13695
INFO 2024-05-01 17:57:24,596 "GET /staff/list/ HTTP/1.1" 200 9695
INFO 2024-05-01 17:57:31,268 "GET /staff/create/ HTTP/1.1" 200 12608
INFO 2024-05-01 17:57:37,997 "GET /finance/list/ HTTP/1.1" 200 10772
INFO 2024-05-01 17:57:46,638 "GET /finance/create/ HTTP/1.1" 200 13686
INFO 2024-05-01 17:57:57,846 "GET /result/create/ HTTP/1.1" 200 10923
INFO 2024-05-01 17:58:06,594 "POST /result/create/ HTTP/1.1" 200 11067
INFO 2024-05-01 17:58:10,762 "POST /result/create/ HTTP/1.1" 200 11301
INFO 2024-05-01 17:58:18,962 "POST /result/create/ HTTP/1.1" 302 0
INFO 2024-05-01 17:58:19,190 "GET /result/edit-results/ HTTP/1.1" 200 12722
INFO 2024-05-01 17:59:09,330 "GET /result/edit-results/ HTTP/1.1" 200 12722
INFO 2024-05-01 17:59:24,858 "GET /result/edit-results/ HTTP/1.1" 200 12722
INFO 2024-05-01 17:59:26,820 "GET /result/view/all HTTP/1.1" 200 10514
INFO 2024-05-01 18:00:02,011 "GET /session/list/ HTTP/1.1" 200 12292
INFO 2024-05-01 18:05:56,663 "GET /student/list HTTP/1.1" 200 9954
WARNING 2024-05-01 18:05:57,459 Not Found: /favicon.ico
INFO 2024-05-01 18:05:59,943 "GET /student/create/ HTTP/1.1" 200 13695
INFO 2024-05-01 18:06:04,495 "GET /staff/list/ HTTP/1.1" 200 9695
INFO 2024-05-01 18:06:09,944 "GET /result/create/ HTTP/1.1" 200 10923
INFO 2024-05-01 18:06:13,214 "GET /result/edit-results/ HTTP/1.1" 200 12722
INFO 2024-05-01 18:06:18,568 "GET /result/view/all HTTP/1.1" 200 10514
INFO 2024-05-01 18:09:08,380 "GET /result/edit-results/ HTTP/1.1" 200 12722
INFO 2024-05-01 18:11:28,941 "GET /result/create/ HTTP/1.1" 200 10923
INFO 2024-05-01 18:11:33,351 "POST /result/create/ HTTP/1.1" 200 11301
INFO 2024-05-01 18:11:42,032 "POST /result/create/ HTTP/1.1" 302 0
INFO 2024-05-01 18:11:42,350 "GET /result/edit-results/ HTTP/1.1" 200 14668
INFO 2024-05-01 18:11:53,120 "GET /result/edit-results/ HTTP/1.1" 200 14668
INFO 2024-05-01 18:11:55,601 "GET /result/view/all HTTP/1.1" 200 11940
INFO 2024-05-02 07:03:23,844 Watching for file changes with StatReloader
INFO 2024-05-02 07:03:29,477 "GET / HTTP/1.1" 302 0
INFO 2024-05-02 07:03:29,536 "GET /accounts/login/?next=/ HTTP/1.1" 200 3989
INFO 2024-05-02 07:03:29,792 "GET /static/dist/js/jquery.formset.js HTTP/1.1" 304 0
INFO 2024-05-02 07:03:29,819 "GET /static/plugins/fontawesome-free/css/all.min.css HTTP/1.1" 200 58582
INFO 2024-05-02 07:03:29,822 "GET /static/plugins/toastr/toastr.min.css HTTP/1.1" 200 6454
INFO 2024-05-02 07:03:29,825 "GET /static/plugins/overlayScrollbars/css/OverlayScrollbars.min.css HTTP/1.1" 200 19736
INFO 2024-05-02 07:03:29,828 "GET /static/dist/js/adminlte.js HTTP/1.1" 200 59249
INFO 2024-05-02 07:03:29,829 "GET /static/dist/css/login-page.css HTTP/1.1" 200 9064
INFO 2024-05-02 07:03:29,852 "GET /static/dist/css/adminlte.min.css HTTP/1.1" 200 686718
INFO 2024-05-02 07:03:30,009 "GET /static/dist/img/login.png HTTP/1.1" 200 445475
INFO 2024-05-02 07:03:30,355 "GET /static/plugins/fontawesome-free/webfonts/fa-solid-900.woff2 HTTP/1.1" 200 79444
WARNING 2024-05-02 07:03:30,416 Not Found: /favicon.ico
INFO 2024-05-02 07:03:36,465 "POST /accounts/login/ HTTP/1.1" 302 0
INFO 2024-05-02 07:03:36,514 "GET / HTTP/1.1" 200 9298
INFO 2024-05-02 07:03:36,657 "GET /static/plugins/Datatables/datatables.min.css HTTP/1.1" 200 25807
INFO 2024-05-02 07:03:36,815 "GET /static/plugins/fontawesome-free/webfonts/fa-regular-400.woff2 HTTP/1.1" 200 13584
INFO 2024-05-02 07:03:44,360 "GET /student/list HTTP/1.1" 200 9954
INFO 2024-05-02 07:03:47,401 "GET /student/create/ HTTP/1.1" 200 13695
INFO 2024-05-02 07:04:11,841 "GET /staff/list/ HTTP/1.1" 200 9695
INFO 2024-05-02 07:04:15,699 "GET /staff/create/ HTTP/1.1" 200 12608
INFO 2024-05-02 07:04:26,322 "GET /finance/list/ HTTP/1.1" 200 10772
INFO 2024-05-02 07:04:28,910 "GET /finance/create/ HTTP/1.1" 200 13686
INFO 2024-05-02 07:04:50,807 "POST /finance/create/ HTTP/1.1" 302 0
INFO 2024-05-02 07:04:50,833 "GET /finance/list HTTP/1.1" 301 0
INFO 2024-05-02 07:04:51,017 "GET /finance/list/ HTTP/1.1" 200 11204
INFO 2024-05-02 07:05:00,486 "GET /result/view/all HTTP/1.1" 200 11940
WARNING 2024-05-02 07:05:01,335 Not Found: /favicon.ico
INFO 2024-05-02 07:05:11,541 "GET /result/edit-results/ HTTP/1.1" 200 14668
INFO 2024-05-02 07:05:18,403 "GET /result/create/ HTTP/1.1" 200 10923
INFO 2024-05-02 07:05:21,055 "GET /session/list/ HTTP/1.1" 200 12292
WARNING 2024-05-02 07:05:21,704 Not Found: /favicon.ico
INFO 2024-05-02 07:05:24,778 "GET /session/list/ HTTP/1.1" 200 12292
INFO 2024-05-02 07:05:27,947 "GET /term/list/ HTTP/1.1" 200 12239
INFO 2024-05-02 07:05:31,753 "GET /class/list/ HTTP/1.1" 200 11979
INFO 2024-05-02 07:05:35,367 "GET /class/1/delete/ HTTP/1.1" 200 9989
INFO 2024-05-02 07:05:37,651 "POST /class/1/delete/ HTTP/1.1" 302 0
INFO 2024-05-02 07:05:37,731 "GET /class/list/ HTTP/1.1" 200 11877
INFO 2024-05-02 07:05:39,791 "GET /class/2/delete/ HTTP/1.1" 200 9989
INFO 2024-05-02 07:05:41,630 "POST /class/2/delete/ HTTP/1.1" 302 0
INFO 2024-05-02 07:05:41,708 "GET /class/list/ HTTP/1.1" 200 11598
INFO 2024-05-02 07:54:49,445 Watching for file changes with StatReloader
INFO 2024-05-02 07:57:17,486 "GET / HTTP/1.1" 200 9298
WARNING 2024-05-02 07:57:18,222 Not Found: /favicon.ico
INFO 2024-05-02 07:57:28,638 "GET / HTTP/1.1" 302 0
INFO 2024-05-02 07:57:28,851 "GET /accounts/login/?next=/ HTTP/1.1" 200 3989
INFO 2024-05-02 07:57:29,350 "GET /static/dist/css/adminlte.min.css.map HTTP/1.1" 200 2149167
INFO 2024-05-02 08:02:04,450 "GET / HTTP/1.1" 200 9369
INFO 2024-05-02 08:02:06,157 "GET /static/dist/css/adminlte.min.css.map HTTP/1.1" 304 0
INFO 2024-05-02 08:02:27,367 "GET / HTTP/1.1" 200 9380
INFO 2024-05-02 08:02:29,056 "GET /static/dist/css/adminlte.min.css.map HTTP/1.1" 304 0
INFO 2024-05-02 08:04:02,844 "GET /staff/list/ HTTP/1.1" 200 9777
INFO 2024-05-02 08:04:04,608 "GET /static/dist/css/adminlte.min.css.map HTTP/1.1" 304 0
INFO 2024-05-02 08:04:17,145 "GET /site-config HTTP/1.1" 200 10955
INFO 2024-05-02 08:04:18,649 "GET /static/dist/css/adminlte.min.css.map HTTP/1.1" 304 0
INFO 2024-05-02 08:04:26,972 "POST /site-config HTTP/1.1" 200 10966
INFO 2024-05-02 08:04:28,303 "GET /static/dist/css/adminlte.min.css.map HTTP/1.1" 304 0
INFO 2024-05-02 08:05:05,848 "GET /session/list/ HTTP/1.1" 200 12374
INFO 2024-05-02 08:05:07,253 "GET /static/dist/css/adminlte.min.css.map HTTP/1.1" 304 0
INFO 2024-05-02 08:05:13,140 "GET /finance/list/ HTTP/1.1" 200 10869
INFO 2024-05-02 08:05:14,767 "GET /static/dist/css/adminlte.min.css.map HTTP/1.1" 304 0
INFO 2024-05-02 08:16:33,049 "GET /finance/list/ HTTP/1.1" 200 10919
INFO 2024-05-02 08:16:34,536 "GET /static/dist/css/adminlte.min.css.map HTTP/1.1" 304 0
INFO 2024-05-02 08:16:40,988 "GET / HTTP/1.1" 200 9430
INFO 2024-05-02 08:16:42,467 "GET /static/dist/css/adminlte.min.css.map HTTP/1.1" 304 0
INFO 2024-05-02 08:16:45,090 "GET / HTTP/1.1" 200 9430
INFO 2024-05-02 08:16:46,607 "GET /static/dist/css/adminlte.min.css.map HTTP/1.1" 304 0
INFO 2024-05-02 08:16:47,223 "GET /current-session/ HTTP/1.1" 200 10738
INFO 2024-05-02 08:16:48,934 "GET /static/dist/css/adminlte.min.css.map HTTP/1.1" 304 0
ERROR 2024-05-02 08:16:50,358 Internal Server Error: /current-session/
Traceback (most recent call last):
  File "/home/jigs/.local/lib/python3.10/site-packages/django/core/handlers/exception.py", line 47, in inner
    response = get_response(request)
  File "/home/jigs/.local/lib/python3.10/site-packages/django/core/handlers/base.py", line 181, in _get_response
    response = wrapped_callback(request, *callback_args, **callback_kwargs)
  File "/home/jigs/.local/lib/python3.10/site-packages/django/views/generic/base.py", line 70, in view
    return self.dispatch(request, *args, **kwargs)
  File "/home/jigs/.local/lib/python3.10/site-packages/django/contrib/auth/mixins.py", line 71, in dispatch
    return super().dispatch(request, *args, **kwargs)
  File "/home/jigs/.local/lib/python3.10/site-packages/django/views/generic/base.py", line 98, in dispatch
    return handler(request, *args, **kwargs)
  File "/home/jigs/Documents/school project/apps/corecode/views.py", line 257, in post
    form = self.form_Class(request.POST)
AttributeError: 'CurrentSessionAndTermView' object has no attribute 'form_Class'
ERROR 2024-05-02 08:16:50,361 "POST /current-session/ HTTP/1.1" 500 83637
INFO 2024-05-02 08:16:56,012 "GET /current-session/ HTTP/1.1" 200 10738
INFO 2024-05-02 08:16:57,600 "GET /static/dist/css/adminlte.min.css.map HTTP/1.1" 304 0
INFO 2024-05-02 08:17:02,227 "GET / HTTP/1.1" 200 9430
INFO 2024-05-02 08:17:03,699 "GET /static/dist/css/adminlte.min.css.map HTTP/1.1" 304 0
INFO 2024-05-02 08:17:57,423 "GET /admin/ HTTP/1.1" 200 4152
INFO 2024-05-02 08:17:57,799 "GET /static/admin/img/icon-addlink.svg HTTP/1.1" 200 331
INFO 2024-05-02 08:17:57,804 "GET /static/admin/img/icon-changelink.svg HTTP/1.1" 200 380
INFO 2024-05-02 08:17:57,819 "GET /static/admin/img/icon-deletelink.svg HTTP/1.1" 200 392
INFO 2024-05-02 08:17:57,872 "GET /static/admin/fonts/Roboto-Light-webfont.woff HTTP/1.1" 200 85692
INFO 2024-05-02 08:18:03,275 "GET /admin/auth/group/ HTTP/1.1" 200 5889
INFO 2024-05-02 08:18:03,492 "GET /admin/jsi18n/ HTTP/1.1" 200 3195
INFO 2024-05-02 08:18:03,498 "GET /static/admin/img/search.svg HTTP/1.1" 200 458
INFO 2024-05-02 08:18:03,630 "GET /static/admin/img/tooltag-add.svg HTTP/1.1" 200 331
INFO 2024-05-02 08:18:07,198 "GET /admin/auth/user/ HTTP/1.1" 200 8466
INFO 2024-05-02 08:18:07,394 "GET /admin/jsi18n/ HTTP/1.1" 200 3195
INFO 2024-05-02 08:18:07,398 "GET /static/admin/img/icon-yes.svg HTTP/1.1" 200 436
INFO 2024-05-02 08:18:07,559 "GET /static/admin/img/sorting-icons.svg HTTP/1.1" 200 1097
INFO 2024-05-02 08:18:15,114 "GET / HTTP/1.1" 200 9430
INFO 2024-05-02 08:18:16,487 "GET /static/dist/css/adminlte.min.css.map HTTP/1.1" 304 0
INFO 2024-05-02 08:18:26,953 "GET /staff/list/ HTTP/1.1" 200 9827
INFO 2024-05-02 08:18:28,420 "GET /static/dist/css/adminlte.min.css.map HTTP/1.1" 304 0
INFO 2024-05-02 08:18:33,266 "GET /staff/create/ HTTP/1.1" 200 12740
INFO 2024-05-02 08:18:34,866 "GET /static/dist/css/adminlte.min.css.map HTTP/1.1" 304 0
INFO 2024-05-02 08:19:07,585 "GET /student/list HTTP/1.1" 200 10086
INFO 2024-05-02 08:19:09,238 "GET /static/dist/css/adminlte.min.css.map HTTP/1.1" 304 0
INFO 2024-05-02 08:19:09,674 "GET /student/create/ HTTP/1.1" 200 13755
INFO 2024-05-02 08:19:11,049 "GET /static/dist/css/adminlte.min.css.map HTTP/1.1" 304 0
INFO 2024-05-02 08:51:56,816 Watching for file changes with StatReloader
INFO 2024-05-02 08:52:10,671 "GET / HTTP/1.1" 200 9430
INFO 2024-05-02 08:52:25,229 "GET /staff/list/ HTTP/1.1" 200 9827
INFO 2024-05-02 08:52:28,046 "GET /finance/list/ HTTP/1.1" 200 10919
INFO 2024-05-02 08:52:31,502 "GET /finance/list/ HTTP/1.1" 200 10919
INFO 2024-05-02 08:52:37,722 "GET /finance/create/ HTTP/1.1" 200 13746
INFO 2024-05-02 08:52:43,600 "GET /result/create/ HTTP/1.1" 200 11055
INFO 2024-05-02 08:52:45,694 "GET /result/edit-results/ HTTP/1.1" 200 14800
INFO 2024-05-02 08:52:52,119 "GET /student/list HTTP/1.1" 200 10086
INFO 2024-05-02 08:52:54,857 "GET /student/create/ HTTP/1.1" 200 13755
INFO 2024-05-02 08:54:26,964 "POST /student/create/ HTTP/1.1" 302 0
INFO 2024-05-02 08:54:27,095 "GET /student/4/ HTTP/1.1" 200 11491
INFO 2024-05-02 08:54:27,380 "GET /static/dist/img/avatar.png HTTP/1.1" 200 8543
INFO 2024-05-02 08:54:35,179 "GET /finance/list/ HTTP/1.1" 200 10919
INFO 2024-05-02 08:54:40,191 "GET /finance/create/ HTTP/1.1" 200 13804
INFO 2024-05-02 08:55:43,204 "POST /finance/create/ HTTP/1.1" 302 0
INFO 2024-05-02 08:55:43,243 "GET /finance/list HTTP/1.1" 301 0
INFO 2024-05-02 08:55:43,421 "GET /finance/list/ HTTP/1.1" 200 11361
INFO 2024-05-02 08:55:47,220 "GET /student/list HTTP/1.1" 200 10086
INFO 2024-05-02 08:55:52,435 "GET /result/view/all HTTP/1.1" 200 12072
INFO 2024-05-02 08:55:58,405 "GET /result/create/ HTTP/1.1" 200 11237
INFO 2024-05-02 08:56:08,299 "GET /staff/list/ HTTP/1.1" 200 9827
INFO 2024-05-02 08:56:10,630 "GET /staff/create/ HTTP/1.1" 200 12740
INFO 2024-05-02 08:56:35,762 "POST /staff/create/ HTTP/1.1" 200 12878
INFO 2024-05-02 08:56:40,026 "POST /staff/create/ HTTP/1.1" 302 0
INFO 2024-05-02 08:56:40,084 "GET /staff/1/ HTTP/1.1" 200 10954
INFO 2024-05-02 08:57:11,198 "GET /admin/ HTTP/1.1" 200 4152
INFO 2024-05-02 08:57:11,527 "GET /static/admin/img/icon-addlink.svg HTTP/1.1" 200 331
INFO 2024-05-02 08:57:11,534 "GET /static/admin/img/icon-deletelink.svg HTTP/1.1" 200 392
INFO 2024-05-02 08:57:11,536 "GET /static/admin/img/icon-changelink.svg HTTP/1.1" 200 380
WARNING 2024-05-02 08:57:11,631 Not Found: /favicon.ico
INFO 2024-05-02 08:57:17,933 "GET /admin/auth/user/ HTTP/1.1" 200 8466
INFO 2024-05-02 08:57:18,199 "GET /admin/jsi18n/ HTTP/1.1" 200 3195
INFO 2024-05-02 08:57:18,211 "GET /static/admin/img/icon-yes.svg HTTP/1.1" 200 436
INFO 2024-05-02 08:57:18,213 "GET /static/admin/img/search.svg HTTP/1.1" 200 458
INFO 2024-05-02 08:57:18,317 "GET /static/admin/img/tooltag-add.svg HTTP/1.1" 200 331
INFO 2024-05-02 08:57:18,318 "GET /static/admin/img/sorting-icons.svg HTTP/1.1" 200 1097
WARNING 2024-05-02 08:57:18,449 Not Found: /favicon.ico
INFO 2024-05-02 08:57:21,240 "GET /admin/auth/group/ HTTP/1.1" 200 5889
INFO 2024-05-02 08:57:21,505 "GET /admin/jsi18n/ HTTP/1.1" 200 3195
INFO 2024-05-02 08:57:26,926 "GET /admin/auth/user/add/ HTTP/1.1" 200 6873
INFO 2024-05-02 08:57:27,137 "GET /static/admin/css/forms.css HTTP/1.1" 200 8804
INFO 2024-05-02 08:57:27,160 "GET /admin/jsi18n/ HTTP/1.1" 200 3195
INFO 2024-05-02 08:57:27,197 "GET /static/admin/css/widgets.css HTTP/1.1" 200 11097
INFO 2024-05-02 08:57:30,969 "GET /admin/auth/group/add/ HTTP/1.1" 200 11184
INFO 2024-05-02 08:57:31,245 "GET /admin/jsi18n/ HTTP/1.1" 200 3195
INFO 2024-05-02 08:57:31,409 "GET /static/admin/img/icon-unknown-alt.svg HTTP/1.1" 200 655
INFO 2024-05-02 08:57:31,411 "GET /static/admin/img/selector-icons.svg HTTP/1.1" 200 3291
INFO 2024-05-02 08:57:31,412 "GET /static/admin/img/icon-unknown.svg HTTP/1.1" 200 655
INFO 2024-05-02 08:57:36,378 "GET /student/create/ HTTP/1.1" 200 13755
INFO 2024-05-02 08:57:59,266 "GET /student/list HTTP/1.1" 200 10086
INFO 2024-05-02 08:58:04,261 "GET / HTTP/1.1" 200 9430
INFO 2024-05-02 08:58:05,423 "GET / HTTP/1.1" 200 9430
INFO 2024-05-02 08:58:11,807 "GET /student/list HTTP/1.1" 200 10086
INFO 2024-05-02 08:58:29,822 "GET /finance/list/ HTTP/1.1" 200 11361
INFO 2024-05-02 08:58:54,861 "GET /result/create/ HTTP/1.1" 200 11237
INFO 2024-05-02 08:58:58,567 "GET /result/view/all HTTP/1.1" 200 12072
INFO 2024-05-02 08:58:59,528 "GET /result/edit-results/ HTTP/1.1" 200 14800
INFO 2024-05-02 08:59:00,181 "GET /result/create/ HTTP/1.1" 200 11237
INFO 2024-05-02 08:59:34,141 "GET /student/list HTTP/1.1" 200 10086
INFO 2024-05-02 08:59:44,731 "GET /result/edit-results/ HTTP/1.1" 200 14800
INFO 2024-05-02 08:59:47,283 "GET /result/view/all HTTP/1.1" 200 12072
INFO 2024-05-02 08:59:53,743 "GET /result/edit-results/ HTTP/1.1" 200 14800
INFO 2024-05-02 09:00:06,150 "GET /student/list HTTP/1.1" 200 10086
INFO 2024-05-02 09:00:13,875 "GET /student/create/ HTTP/1.1" 200 13755
INFO 2024-05-02 09:00:58,011 "POST /student/create/ HTTP/1.1" 302 0
INFO 2024-05-02 09:00:58,092 "GET /student/5/ HTTP/1.1" 200 11409
INFO 2024-05-02 09:01:11,282 "GET /staff/list/ HTTP/1.1" 200 10030
INFO 2024-05-02 09:01:14,610 "GET /staff/create/ HTTP/1.1" 200 12740
INFO 2024-05-02 09:01:35,226 "GET /staff/list/ HTTP/1.1" 200 10030
INFO 2024-05-02 09:01:37,522 "GET /staff/create/ HTTP/1.1" 200 12740
INFO 2024-05-02 09:02:01,471 "GET /staff/list/ HTTP/1.1" 200 10030
INFO 2024-05-02 09:02:05,487 "GET /staff/create/ HTTP/1.1" 200 12740
INFO 2024-05-02 09:03:25,616 "POST /staff/create/ HTTP/1.1" 302 0
INFO 2024-05-02 09:03:25,676 "GET /staff/2/ HTTP/1.1" 200 10954
INFO 2024-05-02 09:04:14,217 "GET /staff/list/ HTTP/1.1" 200 10233
INFO 2024-05-02 09:04:17,745 "GET /staff/create/ HTTP/1.1" 200 12740
INFO 2024-05-02 09:04:20,284 "GET /staff/list/ HTTP/1.1" 200 10233
INFO 2024-05-02 09:04:22,746 "GET /staff/1/ HTTP/1.1" 200 10811
INFO 2024-05-02 09:04:24,900 "GET /student/list HTTP/1.1" 200 10086
INFO 2024-05-02 09:04:32,910 "GET /student/create/ HTTP/1.1" 200 13755
INFO 2024-05-02 09:04:35,594 "GET /staff/list/ HTTP/1.1" 200 10233
INFO 2024-05-02 09:04:40,381 "GET /staff/create/ HTTP/1.1" 200 12740
INFO 2024-05-02 09:05:30,233 "GET /staff/create/ HTTP/1.1" 200 12738
INFO 2024-05-02 09:05:37,577 "GET /student/list HTTP/1.1" 200 10086
INFO 2024-05-02 09:05:51,569 "GET /finance/list/ HTTP/1.1" 200 11361
INFO 2024-05-02 09:05:55,969 "GET /result/view/all HTTP/1.1" 200 12072
INFO 2024-05-02 09:05:58,296 "GET /result/edit-results/ HTTP/1.1" 200 14800
INFO 2024-05-02 09:06:12,202 "GET /finance/list/ HTTP/1.1" 200 11361
INFO 2024-05-02 09:06:16,277 "GET /finance/create/ HTTP/1.1" 200 13859
INFO 2024-05-02 09:06:24,994 "GET /finance/list/ HTTP/1.1" 200 11361
INFO 2024-05-02 09:06:26,970 "GET /finance/4/detail/ HTTP/1.1" 200 11140
INFO 2024-05-02 09:19:47,675 "GET /staff/list/ HTTP/1.1" 200 10233
WARNING 2024-05-02 09:19:48,497 Not Found: /favicon.ico
INFO 2024-05-02 09:19:49,872 "GET /staff/1/ HTTP/1.1" 200 10811
INFO 2024-05-02 09:20:28,457 "GET /staff/list/ HTTP/1.1" 200 10233
INFO 2024-05-02 09:20:30,262 "GET /student/list HTTP/1.1" 200 10086
INFO 2024-05-02 09:21:00,797 "GET /staff/list/ HTTP/1.1" 200 10233
INFO 2024-05-02 09:21:05,099 "GET /staff/create/ HTTP/1.1" 200 12738
INFO 2024-05-02 09:21:08,918 "GET /staff/list/ HTTP/1.1" 200 10233
INFO 2024-05-02 09:21:12,080 "GET /staff/create/ HTTP/1.1" 200 12738
INFO 2024-05-02 09:21:40,193 "GET /staff/list/ HTTP/1.1" 200 10233
INFO 2024-05-02 09:21:46,984 "GET /staff/list/ HTTP/1.1" 200 10233
INFO 2024-05-02 09:21:59,037 "GET /staff/create/ HTTP/1.1" 200 12738
WARNING 2024-05-02 09:22:10,938 Not Found: /admijn
WARNING 2024-05-02 09:22:10,939 "GET /admijn HTTP/1.1" 404 6293
INFO 2024-05-02 09:22:16,566 "GET /admin/ HTTP/1.1" 200 4152
INFO 2024-05-02 09:22:23,074 "GET /admin/auth/group/ HTTP/1.1" 200 5889
INFO 2024-05-02 09:22:23,308 "GET /admin/jsi18n/ HTTP/1.1" 200 3195
INFO 2024-05-02 09:22:29,109 "GET /admin/auth/group/add/ HTTP/1.1" 200 11184
INFO 2024-05-02 09:22:29,306 "GET /admin/jsi18n/ HTTP/1.1" 200 3195
INFO 2024-05-02 09:22:35,190 "POST /admin/auth/group/add/ HTTP/1.1" 200 11336
INFO 2024-05-02 09:22:35,377 "GET /admin/jsi18n/ HTTP/1.1" 200 3195
INFO 2024-05-02 09:22:41,195 "POST /admin/auth/group/add/ HTTP/1.1" 200 11362
INFO 2024-05-02 09:22:41,356 "GET /admin/jsi18n/ HTTP/1.1" 200 3195
INFO 2024-05-02 09:22:51,903 "POST /admin/auth/group/add/ HTTP/1.1" 302 0
INFO 2024-05-02 09:22:52,074 "GET /admin/auth/group/3/change/ HTTP/1.1" 200 11677
INFO 2024-05-02 09:22:52,362 "GET /admin/jsi18n/ HTTP/1.1" 200 3195
INFO 2024-05-02 09:22:55,163 "POST /admin/auth/group/3/change/ HTTP/1.1" 302 0
INFO 2024-05-02 09:22:55,302 "GET /admin/auth/group/ HTTP/1.1" 200 6295
INFO 2024-05-02 09:22:55,525 "GET /admin/jsi18n/ HTTP/1.1" 200 3195
INFO 2024-05-02 09:22:59,020 "GET /admin/auth/group/add/ HTTP/1.1" 200 11184
INFO 2024-05-02 09:22:59,225 "GET /admin/jsi18n/ HTTP/1.1" 200 3195
INFO 2024-05-02 09:23:12,888 "POST /admin/auth/group/add/ HTTP/1.1" 200 11336
INFO 2024-05-02 09:23:13,091 "GET /admin/jsi18n/ HTTP/1.1" 200 3195
INFO 2024-05-02 09:23:22,226 "POST /admin/auth/group/add/ HTTP/1.1" 302 0
INFO 2024-05-02 09:23:22,523 "GET /admin/auth/group/4/change/ HTTP/1.1" 200 11662
INFO 2024-05-02 09:23:22,758 "GET /admin/jsi18n/ HTTP/1.1" 200 3195
INFO 2024-05-02 09:23:24,572 "POST /admin/auth/group/4/change/ HTTP/1.1" 302 0
INFO 2024-05-02 09:23:24,731 "GET /admin/auth/group/ HTTP/1.1" 200 6495
INFO 2024-05-02 09:23:24,953 "GET /admin/jsi18n/ HTTP/1.1" 200 3195
INFO 2024-05-02 09:24:38,086 "GET / HTTP/1.1" 200 9430
INFO 2024-05-02 09:24:43,059 "GET /current-session/ HTTP/1.1" 200 10738
ERROR 2024-05-02 09:24:45,264 Internal Server Error: /current-session/
Traceback (most recent call last):
  File "/home/jigs/.local/lib/python3.10/site-packages/django/core/handlers/exception.py", line 47, in inner
    response = get_response(request)
  File "/home/jigs/.local/lib/python3.10/site-packages/django/core/handlers/base.py", line 181, in _get_response
    response = wrapped_callback(request, *callback_args, **callback_kwargs)
  File "/home/jigs/.local/lib/python3.10/site-packages/django/views/generic/base.py", line 70, in view
    return self.dispatch(request, *args, **kwargs)
  File "/home/jigs/.local/lib/python3.10/site-packages/django/contrib/auth/mixins.py", line 71, in dispatch
    return super().dispatch(request, *args, **kwargs)
  File "/home/jigs/.local/lib/python3.10/site-packages/django/views/generic/base.py", line 98, in dispatch
    return handler(request, *args, **kwargs)
  File "/home/jigs/Documents/school project/apps/corecode/views.py", line 257, in post
    form = self.form_Class(request.POST)
AttributeError: 'CurrentSessionAndTermView' object has no attribute 'form_Class'
ERROR 2024-05-02 09:24:45,266 "POST /current-session/ HTTP/1.1" 500 83736
INFO 2024-05-02 09:24:48,390 "GET /current-session/ HTTP/1.1" 200 10738
INFO 2024-05-02 09:24:53,346 "GET /session/list/ HTTP/1.1" 200 12424
INFO 2024-05-02 09:25:01,088 "GET /term/list/ HTTP/1.1" 200 12371
INFO 2024-05-02 09:25:03,734 "GET /term/3/delete/ HTTP/1.1" 200 10127
INFO 2024-05-02 09:25:05,990 "POST /term/3/delete/ HTTP/1.1" 302 0
INFO 2024-05-02 09:25:06,074 "GET /term/list/ HTTP/1.1" 200 12214
INFO 2024-05-02 09:25:07,173 "GET /student/list HTTP/1.1" 200 10086
INFO 2024-05-02 09:25:09,229 "GET /staff/list/ HTTP/1.1" 200 10233
INFO 2024-05-02 09:25:14,173 "GET /staff/create/ HTTP/1.1" 200 12738
INFO 2024-05-02 09:28:15,385 "GET / HTTP/1.1" 200 9430
INFO 2024-05-02 09:28:21,711 "GET /accounts/logout/ HTTP/1.1" 302 0
INFO 2024-05-02 09:28:21,750 "GET / HTTP/1.1" 302 0
INFO 2024-05-02 09:28:21,848 "GET /accounts/login/?next=/ HTTP/1.1" 200 3989
INFO 2024-05-02 09:28:22,183 "GET /static/dist/img/login.png HTTP/1.1" 200 445475
INFO 2024-05-02 09:28:34,492 "POST /accounts/login/ HTTP/1.1" 302 0
INFO 2024-05-02 09:28:34,547 "GET / HTTP/1.1" 200 9430
INFO 2024-05-02 09:28:53,437 "GET /student/list HTTP/1.1" 200 10086
INFO 2024-05-02 09:28:59,960 "GET /student/create/ HTTP/1.1" 200 13755
INFO 2024-05-02 09:29:48,731 "POST /student/create/ HTTP/1.1" 302 0
INFO 2024-05-02 09:29:48,843 "GET /student/6/ HTTP/1.1" 200 11404
INFO 2024-05-02 09:30:15,030 "GET /student/list HTTP/1.1" 200 10086
INFO 2024-05-02 09:30:20,490 "GET /student/upload/ HTTP/1.1" 200 10141
INFO 2024-05-02 09:30:52,117 "GET /staff/list/ HTTP/1.1" 200 10233
INFO 2024-05-02 09:30:55,201 "GET /student/list HTTP/1.1" 200 10086
INFO 2024-05-02 09:31:28,001 "GET /staff/list/ HTTP/1.1" 200 10233
INFO 2024-05-02 09:31:40,250 "GET /staff/create/ HTTP/1.1" 200 12738
INFO 2024-05-02 09:32:01,541 "POST /staff/create/ HTTP/1.1" 302 0
INFO 2024-05-02 09:32:01,633 "GET /staff/3/ HTTP/1.1" 200 10956
INFO 2024-05-02 09:32:17,215 "GET /staff/list/ HTTP/1.1" 200 10439
INFO 2024-05-02 09:32:22,588 "GET /staff/1/ HTTP/1.1" 200 10811
INFO 2024-05-02 09:32:39,434 "GET /term/list/ HTTP/1.1" 200 12035
INFO 2024-05-02 09:32:44,176 "GET /class/list/ HTTP/1.1" 200 11553
INFO 2024-05-02 09:32:55,450 "POST /class/create/ HTTP/1.1" 302 0
INFO 2024-05-02 09:32:55,538 "GET /class/list/ HTTP/1.1" 200 11974
INFO 2024-05-02 09:33:25,785 "GET /finance/list/ HTTP/1.1" 200 11361
INFO 2024-05-02 09:33:28,120 "GET /finance/4/detail/ HTTP/1.1" 200 11140
INFO 2024-05-02 09:34:09,412 "GET /finance/list/ HTTP/1.1" 200 11361
INFO 2024-05-02 09:34:13,957 "GET /finance/1/detail/ HTTP/1.1" 200 11547
INFO 2024-05-02 09:35:52,125 "GET /finance/list/ HTTP/1.1" 200 11361
INFO 2024-05-02 09:35:54,143 "GET /finance/create/ HTTP/1.1" 200 13910
INFO 2024-05-02 09:36:42,451 "POST /finance/create/ HTTP/1.1" 302 0
INFO 2024-05-02 09:36:42,483 "GET /finance/list HTTP/1.1" 301 0
INFO 2024-05-02 09:36:42,697 "GET /finance/list/ HTTP/1.1" 200 11788
INFO 2024-05-02 09:37:15,463 "GET /finance/create/ HTTP/1.1" 200 13910
INFO 2024-05-02 09:37:44,792 "GET /finance/list/ HTTP/1.1" 200 11788
INFO 2024-05-02 09:38:02,613 "GET /finance/receipt/create?invoice=5 HTTP/1.1" 200 10990
INFO 2024-05-02 09:38:11,858 "POST /finance/receipt/create?invoice=5 HTTP/1.1" 302 0
INFO 2024-05-02 09:38:12,017 "GET /finance/list/ HTTP/1.1" 200 11794
INFO 2024-05-02 09:38:20,420 "GET /finance/create/ HTTP/1.1" 200 13910
